<?xml version="1.0" encoding="UTF-8" ?>
<testsuite errors="0" failures="1" hostname="KBP1-DHP-017782" name="tests.TestSuite" skipped="0" tests="3" time="50.724" timestamp="2014-04-17T13:21:40">
  <properties>
[...]
</properties>
  <testcase classname="tests.LoginTests" name="testLoginIn2" time="16.886" />
  <testcase classname="tests.LoginTests" name="testLoginIn" time="15.129">
    <failure message="expected:&lt;Mi[]hail&gt; but was:&lt;Mi[k]hail&gt;" type="junit.framework.ComparisonFailure">junit.framework.ComparisonFailure: expected:&lt;Mi[]hail&gt; but was:&lt;Mi[k]hail&gt;
	at tests.LoginTests.testLoginIn(Unknown Source)
</failure>
  </testcase>
  <testcase classname="tests.UserPageTests" name="testUserPageOpening" time="18.442" />
  <system-out><![CDATA[
Test Case Name = testLoginIn2

Login page is initialized
Home Page initialized!
Get user name on Navbar. User name = Mihail

Test Case Name = testLoginIn

Login page is initialized
Home Page initialized!
Get user name on Navbar. User name = Mihail

Test Case Name = testUserPageOpening

Login page is initialized
Home Page initialized!
User Page initialized!

]]></system-out>
  <system-err><![CDATA[]]></system-err>
</testsuite>
